<?xml version="1.0" encoding="UTF-8"?>
<coverage generated="1674598339274" clover="3.2.0">
  <project timestamp="1674598339274" name="All files">
    <metrics statements="49" coveredstatements="49" conditionals="16" coveredconditionals="14" methods="9" coveredmethods="9" elements="74" coveredelements="72" complexity="0" loc="49" ncloc="49" packages="1" files="1" classes="1"/>
    <file name="exercises.js" path="C:\Users\khans\OneDrive\Documents\writing-unit-tests-lab-1\exercises.js">
      <metrics statements="49" coveredstatements="49" conditionals="16" coveredconditionals="14" methods="9" coveredmethods="9"/>
      <line num="2" count="1" type="stmt"/>
      <line num="3" count="6" type="cond" truecount="2" falsecount="0"/>
      <line num="4" count="4" type="stmt"/>
      <line num="6" count="2" type="stmt"/>
      <line num="11" count="1" type="stmt"/>
      <line num="12" count="3" type="stmt"/>
      <line num="13" count="3" type="stmt"/>
      <line num="14" count="3" type="stmt"/>
      <line num="15" count="8" type="stmt"/>
      <line num="16" count="8" type="stmt"/>
      <line num="17" count="58" type="cond" truecount="2" falsecount="0"/>
      <line num="18" count="40" type="stmt"/>
      <line num="21" count="8" type="stmt"/>
      <line num="23" count="3" type="stmt"/>
      <line num="27" count="1" type="stmt"/>
      <line num="28" count="12" type="stmt"/>
      <line num="32" count="1" type="stmt"/>
      <line num="33" count="2" type="stmt"/>
      <line num="34" count="2" type="stmt"/>
      <line num="35" count="2" type="stmt"/>
      <line num="36" count="26" type="cond" truecount="2" falsecount="0"/>
      <line num="38" count="11" type="stmt"/>
      <line num="39" count="15" type="cond" truecount="1" falsecount="1"/>
      <line num="40" count="15" type="stmt"/>
      <line num="43" count="2" type="stmt"/>
      <line num="48" count="1" type="stmt"/>
      <line num="49" count="3" type="stmt"/>
      <line num="50" count="3" type="stmt"/>
      <line num="51" count="3" type="stmt"/>
      <line num="52" count="54" type="cond" truecount="2" falsecount="0"/>
      <line num="53" count="40" type="cond" truecount="2" falsecount="0"/>
      <line num="54" count="21" type="stmt"/>
      <line num="55" count="21" type="stmt"/>
      <line num="57" count="19" type="stmt"/>
      <line num="58" count="19" type="stmt"/>
      <line num="61" count="14" type="stmt"/>
      <line num="64" count="3" type="stmt"/>
      <line num="68" count="1" type="stmt"/>
      <line num="69" count="5" type="cond" truecount="2" falsecount="0"/>
      <line num="70" count="1" type="stmt"/>
      <line num="72" count="4" type="stmt"/>
      <line num="73" count="4" type="stmt"/>
      <line num="74" count="4" type="stmt"/>
      <line num="75" count="15" type="cond" truecount="1" falsecount="1"/>
      <line num="76" count="15" type="stmt"/>
      <line num="79" count="4" type="stmt"/>
      <line num="83" count="1" type="stmt"/>
      <line num="84" count="284" type="stmt"/>
      <line num="89" count="1" type="stmt"/>
    </file>
  </project>
</coverage>
