{"C:\\Users\\khans\\OneDrive\\Documents\\writing-unit-tests-lab-1\\exercises.js": {"path":"C:\\Users\\khans\\OneDrive\\Documents\\writing-unit-tests-lab-1\\exercises.js","statementMap":{"0":{"start":{"line":2,"column":20},"end":{"line":8,"column":1}},"1":{"start":{"line":3,"column":2},"end":{"line":7,"column":3}},"2":{"start":{"line":4,"column":4},"end":{"line":4,"column":15}},"3":{"start":{"line":6,"column":4},"end":{"line":6,"column":16}},"4":{"start":{"line":11,"column":21},"end":{"line":24,"column":1}},"5":{"start":{"line":12,"column":18},"end":{"line":12,"column":20}},"6":{"start":{"line":13,"column":24},"end":{"line":13,"column":36}},"7":{"start":{"line":14,"column":2},"end":{"line":22,"column":3}},"8":{"start":{"line":14,"column":14},"end":{"line":14,"column":15}},"9":{"start":{"line":15,"column":14},"end":{"line":15,"column":16}},"10":{"start":{"line":16,"column":3},"end":{"line":20,"column":4}},"11":{"start":{"line":16,"column":15},"end":{"line":16,"column":16}},"12":{"start":{"line":17,"column":4},"end":{"line":19,"column":5}},"13":{"start":{"line":18,"column":6},"end":{"line":18,"column":22}},"14":{"start":{"line":21,"column":3},"end":{"line":21,"column":20}},"15":{"start":{"line":23,"column":2},"end":{"line":23,"column":17}},"16":{"start":{"line":27,"column":16},"end":{"line":29,"column":1}},"17":{"start":{"line":28,"column":2},"end":{"line":28,"column":90}},"18":{"start":{"line":28,"column":47},"end":{"line":28,"column":78}},"19":{"start":{"line":32,"column":17},"end":{"line":45,"column":1}},"20":{"start":{"line":33,"column":15},"end":{"line":33,"column":18}},"21":{"start":{"line":34,"column":15},"end":{"line":34,"column":17}},"22":{"start":{"line":35,"column":1},"end":{"line":42,"column":2}},"23":{"start":{"line":35,"column":13},"end":{"line":35,"column":14}},"24":{"start":{"line":36,"column":4},"end":{"line":41,"column":5}},"25":{"start":{"line":38,"column":6},"end":{"line":38,"column":39}},"26":{"start":{"line":39,"column":11},"end":{"line":41,"column":5}},"27":{"start":{"line":40,"column":6},"end":{"line":40,"column":39}},"28":{"start":{"line":43,"column":1},"end":{"line":43,"column":14}},"29":{"start":{"line":48,"column":22},"end":{"line":65,"column":1}},"30":{"start":{"line":49,"column":15},"end":{"line":49,"column":17}},"31":{"start":{"line":50,"column":20},"end":{"line":50,"column":24}},"32":{"start":{"line":51,"column":1},"end":{"line":63,"column":4}},"33":{"start":{"line":51,"column":13},"end":{"line":51,"column":14}},"34":{"start":{"line":52,"column":3},"end":{"line":62,"column":6}},"35":{"start":{"line":53,"column":5},"end":{"line":59,"column":6}},"36":{"start":{"line":54,"column":7},"end":{"line":54,"column":38}},"37":{"start":{"line":55,"column":7},"end":{"line":55,"column":26}},"38":{"start":{"line":57,"column":7},"end":{"line":57,"column":38}},"39":{"start":{"line":58,"column":7},"end":{"line":58,"column":25}},"40":{"start":{"line":61,"column":7},"end":{"line":61,"column":23}},"41":{"start":{"line":64,"column":3},"end":{"line":64,"column":16}},"42":{"start":{"line":68,"column":20},"end":{"line":80,"column":1}},"43":{"start":{"line":69,"column":2},"end":{"line":71,"column":3}},"44":{"start":{"line":70,"column":4},"end":{"line":70,"column":14}},"45":{"start":{"line":72,"column":13},"end":{"line":72,"column":27}},"46":{"start":{"line":73,"column":15},"end":{"line":73,"column":17}},"47":{"start":{"line":74,"column":2},"end":{"line":78,"column":3}},"48":{"start":{"line":74,"column":14},"end":{"line":74,"column":15}},"49":{"start":{"line":75,"column":4},"end":{"line":77,"column":5}},"50":{"start":{"line":76,"column":6},"end":{"line":76,"column":50}},"51":{"start":{"line":79,"column":2},"end":{"line":79,"column":16}},"52":{"start":{"line":83,"column":19},"end":{"line":85,"column":1}},"53":{"start":{"line":84,"column":2},"end":{"line":84,"column":107}},"54":{"start":{"line":84,"column":61},"end":{"line":84,"column":99}},"55":{"start":{"line":89,"column":0},"end":{"line":97,"column":2}}},"fnMap":{"0":{"name":"(anonymous_0)","decl":{"start":{"line":2,"column":20},"end":{"line":2,"column":21}},"loc":{"start":{"line":2,"column":32},"end":{"line":8,"column":1}},"line":2},"1":{"name":"(anonymous_1)","decl":{"start":{"line":11,"column":21},"end":{"line":11,"column":22}},"loc":{"start":{"line":11,"column":30},"end":{"line":24,"column":1}},"line":11},"2":{"name":"(anonymous_2)","decl":{"start":{"line":27,"column":16},"end":{"line":27,"column":17}},"loc":{"start":{"line":27,"column":25},"end":{"line":29,"column":1}},"line":27},"3":{"name":"(anonymous_3)","decl":{"start":{"line":28,"column":42},"end":{"line":28,"column":43}},"loc":{"start":{"line":28,"column":47},"end":{"line":28,"column":78}},"line":28},"4":{"name":"(anonymous_4)","decl":{"start":{"line":32,"column":17},"end":{"line":32,"column":18}},"loc":{"start":{"line":32,"column":26},"end":{"line":45,"column":1}},"line":32},"5":{"name":"(anonymous_5)","decl":{"start":{"line":48,"column":22},"end":{"line":48,"column":23}},"loc":{"start":{"line":48,"column":31},"end":{"line":65,"column":1}},"line":48},"6":{"name":"(anonymous_6)","decl":{"start":{"line":68,"column":20},"end":{"line":68,"column":21}},"loc":{"start":{"line":68,"column":29},"end":{"line":80,"column":1}},"line":68},"7":{"name":"(anonymous_7)","decl":{"start":{"line":83,"column":19},"end":{"line":83,"column":20}},"loc":{"start":{"line":83,"column":35},"end":{"line":85,"column":1}},"line":83},"8":{"name":"(anonymous_8)","decl":{"start":{"line":84,"column":56},"end":{"line":84,"column":57}},"loc":{"start":{"line":84,"column":61},"end":{"line":84,"column":99}},"line":84}},"branchMap":{"0":{"loc":{"start":{"line":3,"column":2},"end":{"line":7,"column":3}},"type":"if","locations":[{"start":{"line":3,"column":2},"end":{"line":7,"column":3}},{"start":{"line":3,"column":2},"end":{"line":7,"column":3}}],"line":3},"1":{"loc":{"start":{"line":17,"column":4},"end":{"line":19,"column":5}},"type":"if","locations":[{"start":{"line":17,"column":4},"end":{"line":19,"column":5}},{"start":{"line":17,"column":4},"end":{"line":19,"column":5}}],"line":17},"2":{"loc":{"start":{"line":36,"column":4},"end":{"line":41,"column":5}},"type":"if","locations":[{"start":{"line":36,"column":4},"end":{"line":41,"column":5}},{"start":{"line":36,"column":4},"end":{"line":41,"column":5}}],"line":36},"3":{"loc":{"start":{"line":39,"column":11},"end":{"line":41,"column":5}},"type":"if","locations":[{"start":{"line":39,"column":11},"end":{"line":41,"column":5}},{"start":{"line":39,"column":11},"end":{"line":41,"column":5}}],"line":39},"4":{"loc":{"start":{"line":52,"column":3},"end":{"line":62,"column":6}},"type":"if","locations":[{"start":{"line":52,"column":3},"end":{"line":62,"column":6}},{"start":{"line":52,"column":3},"end":{"line":62,"column":6}}],"line":52},"5":{"loc":{"start":{"line":53,"column":5},"end":{"line":59,"column":6}},"type":"if","locations":[{"start":{"line":53,"column":5},"end":{"line":59,"column":6}},{"start":{"line":53,"column":5},"end":{"line":59,"column":6}}],"line":53},"6":{"loc":{"start":{"line":69,"column":2},"end":{"line":71,"column":3}},"type":"if","locations":[{"start":{"line":69,"column":2},"end":{"line":71,"column":3}},{"start":{"line":69,"column":2},"end":{"line":71,"column":3}}],"line":69},"7":{"loc":{"start":{"line":75,"column":4},"end":{"line":77,"column":5}},"type":"if","locations":[{"start":{"line":75,"column":4},"end":{"line":77,"column":5}},{"start":{"line":75,"column":4},"end":{"line":77,"column":5}}],"line":75}},"s":{"0":1,"1":6,"2":4,"3":2,"4":1,"5":3,"6":3,"7":3,"8":3,"9":8,"10":8,"11":8,"12":58,"13":40,"14":8,"15":3,"16":1,"17":3,"18":12,"19":1,"20":2,"21":2,"22":2,"23":2,"24":26,"25":11,"26":15,"27":15,"28":2,"29":1,"30":3,"31":3,"32":3,"33":3,"34":54,"35":40,"36":21,"37":21,"38":19,"39":19,"40":14,"41":3,"42":1,"43":5,"44":1,"45":4,"46":4,"47":4,"48":4,"49":15,"50":15,"51":4,"52":1,"53":4,"54":284,"55":1},"f":{"0":6,"1":3,"2":3,"3":12,"4":2,"5":3,"6":5,"7":4,"8":284},"b":{"0":[4,2],"1":[40,18],"2":[11,15],"3":[15,0],"4":[40,14],"5":[21,19],"6":[1,4],"7":[15,0]},"_coverageSchema":"43e27e138ebf9cfc5966b082cf9a028302ed4184","hash":"f457146c4a9a95072b02ae0431059f3a65695228"}
}
