TN:
SF:C:\Users\khans\OneDrive\Documents\writing-unit-tests-lab-1\exercises.js
FN:2,(anonymous_0)
FN:11,(anonymous_1)
FN:27,(anonymous_2)
FN:28,(anonymous_3)
FN:32,(anonymous_4)
FN:48,(anonymous_5)
FN:68,(anonymous_6)
FN:83,(anonymous_7)
FN:84,(anonymous_8)
FNF:9
FNH:9
FNDA:6,(anonymous_0)
FNDA:3,(anonymous_1)
FNDA:3,(anonymous_2)
FNDA:12,(anonymous_3)
FNDA:2,(anonymous_4)
FNDA:3,(anonymous_5)
FNDA:5,(anonymous_6)
FNDA:4,(anonymous_7)
FNDA:284,(anonymous_8)
DA:2,1
DA:3,6
DA:4,4
DA:6,2
DA:11,1
DA:12,3
DA:13,3
DA:14,3
DA:15,8
DA:16,8
DA:17,58
DA:18,40
DA:21,8
DA:23,3
DA:27,1
DA:28,12
DA:32,1
DA:33,2
DA:34,2
DA:35,2
DA:36,26
DA:38,11
DA:39,15
DA:40,15
DA:43,2
DA:48,1
DA:49,3
DA:50,3
DA:51,3
DA:52,54
DA:53,40
DA:54,21
DA:55,21
DA:57,19
DA:58,19
DA:61,14
DA:64,3
DA:68,1
DA:69,5
DA:70,1
DA:72,4
DA:73,4
DA:74,4
DA:75,15
DA:76,15
DA:79,4
DA:83,1
DA:84,284
DA:89,1
LF:49
LH:49
BRDA:3,0,0,4
BRDA:3,0,1,2
BRDA:17,1,0,40
BRDA:17,1,1,18
BRDA:36,2,0,11
BRDA:36,2,1,15
BRDA:39,3,0,15
BRDA:39,3,1,0
BRDA:52,4,0,40
BRDA:52,4,1,14
BRDA:53,5,0,21
BRDA:53,5,1,19
BRDA:69,6,0,1
BRDA:69,6,1,4
BRDA:75,7,0,15
BRDA:75,7,1,0
BRF:16
BRH:14
end_of_record
